# JRE version: OpenJDK Runtime Environment (11.0.11+9) (build 11.0.11+9-b60-7590822)
# Java VM: OpenJDK 64-Bit Server VM (11.0.11+9-b60-7590822, mixed mode, tiered, compressed oops, g1 gc, windows-amd64)
Heap:
 garbage-first heap   total 231424K, used 56843K [0x0000000080000000, 0x0000000100000000)
  region size 1024K, 8 young (8192K), 8 survivors (8192K)
 Metaspace       used 64965K, capacity 66632K, committed 66768K, reserved 1107968K
  class space    used 8253K, capacity 8867K, committed 8960K, reserved 1048576K
GC Heap History (20 events):
Event: 1.138 GC heap after
{Heap after GC invocations=1 (full 0):
 garbage-first heap   total 192512K, used 7938K [0x0000000080000000, 0x0000000100000000)
  region size 1024K, 2 young (2048K), 2 survivors (2048K)
 Metaspace       used 6732K, capacity 6921K, committed 7168K, reserved 1056768K
  class space    used 582K, capacity 650K, committed 768K, reserved 1048576K
}
Event: 1.647 GC heap before
{Heap before GC invocations=1 (full 0):
 garbage-first heap   total 192512K, used 20226K [0x0000000080000000, 0x0000000100000000)
  region size 1024K, 14 young (14336K), 2 survivors (2048K)
 Metaspace       used 10299K, capacity 10551K, committed 10624K, reserved 1058816K
  class space    used 1074K, capacity 1141K, committed 1152K, reserved 1048576K
}
Event: 1.651 GC heap after
{Heap after GC invocations=2 (full 0):
 garbage-first heap   total 192512K, used 9809K [0x0000000080000000, 0x0000000100000000)
  region size 1024K, 2 young (2048K), 2 survivors (2048K)
 Metaspace       used 10299K, capacity 10551K, committed 10624K, reserved 1058816K
  class space    used 1074K, capacity 1141K, committed 1152K, reserved 1048576K
}
Event: 2.629 GC heap before
{Heap before GC invocations=2 (full 0):
 garbage-first heap   total 192512K, used 39505K [0x0000000080000000, 0x0000000100000000)
  region size 1024K, 31 young (31744K), 2 survivors (2048K)
 Metaspace       used 11267K, capacity 11506K, committed 11776K, reserved 1060864K
  class space    used 1176K, capacity 1246K, committed 1280K, reserved 1048576K
}
Event: 2.632 GC heap after
{Heap after GC invocations=3 (full 0):
 garbage-first heap   total 192512K, used 12364K [0x0000000080000000, 0x0000000100000000)
  region size 1024K, 4 young (4096K), 4 survivors (4096K)
 Metaspace       used 11267K, capacity 11506K, committed 11776K, reserved 1060864K
  class space    used 1176K, capacity 1246K, committed 1280K, reserved 1048576K
}
Event: 4.745 GC heap before
{Heap before GC invocations=3 (full 0):
 garbage-first heap   total 192512K, used 56396K [0x0000000080000000, 0x0000000100000000)
  region size 1024K, 47 young (48128K), 4 survivors (4096K)
 Metaspace       used 17721K, capacity 18121K, committed 18432K, reserved 1064960K
  class space    used 2101K, capacity 2221K, committed 2304K, reserved 1048576K
}
Event: 4.753 GC heap after
{Heap after GC invocations=4 (full 0):
 garbage-first heap   total 192512K, used 16209K [0x0000000080000000, 0x0000000100000000)
  region size 1024K, 6 young (6144K), 6 survivors (6144K)
 Metaspace       used 17721K, capacity 18121K, committed 18432K, reserved 1064960K
  class space    used 2101K, capacity 2221K, committed 2304K, reserved 1048576K
}
Event: 5.149 GC heap before
{Heap before GC invocations=4 (full 0):
 garbage-first heap   total 192512K, used 39761K [0x0000000080000000, 0x0000000100000000)
  region size 1024K, 30 young (30720K), 6 survivors (6144K)
 Metaspace       used 20662K, capacity 21100K, committed 21296K, reserved 1069056K
  class space    used 2533K, capacity 2660K, committed 2688K, reserved 1048576K
}
Event: 5.156 GC heap after
{Heap after GC invocations=5 (full 0):
 garbage-first heap   total 192512K, used 17278K [0x0000000080000000, 0x0000000100000000)
  region size 1024K, 6 young (6144K), 6 survivors (6144K)
 Metaspace       used 20662K, capacity 21100K, committed 21296K, reserved 1069056K
  class space    used 2533K, capacity 2660K, committed 2688K, reserved 1048576K
}
Event: 5.973 GC heap before
{Heap before GC invocations=6 (full 0):
 garbage-first heap   total 192512K, used 71550K [0x0000000080000000, 0x0000000100000000)
  region size 1024K, 59 young (60416K), 6 survivors (6144K)
 Metaspace       used 26139K, capacity 26763K, committed 27008K, reserved 1073152K
  class space    used 3421K, capacity 3618K, committed 3712K, reserved 1048576K
}
Event: 5.982 GC heap after
{Heap after GC invocations=7 (full 0):
 garbage-first heap   total 192512K, used 19375K [0x0000000080000000, 0x0000000100000000)
  region size 1024K, 3 young (3072K), 3 survivors (3072K)
 Metaspace       used 26139K, capacity 26763K, committed 27008K, reserved 1073152K
  class space    used 3421K, capacity 3618K, committed 3712K, reserved 1048576K
}
Event: 7.432 GC heap before
{Heap before GC invocations=7 (full 0):
 garbage-first heap   total 192512K, used 77743K [0x0000000080000000, 0x0000000100000000)
  region size 1024K, 61 young (62464K), 3 survivors (3072K)
 Metaspace       used 35067K, capacity 35842K, committed 36048K, reserved 1081344K
  class space    used 4564K, capacity 4863K, committed 4864K, reserved 1048576K
}
Event: 7.445 GC heap after
{Heap after GC invocations=8 (full 0):
 garbage-first heap   total 192512K, used 23057K [0x0000000080000000, 0x0000000100000000)
  region size 1024K, 7 young (7168K), 7 survivors (7168K)
 Metaspace       used 35067K, capacity 35842K, committed 36048K, reserved 1081344K
  class space    used 4564K, capacity 4863K, committed 4864K, reserved 1048576K
}
Event: 10.015 GC heap before
{Heap before GC invocations=9 (full 0):
 garbage-first heap   total 192512K, used 103953K [0x0000000080000000, 0x0000000100000000)
  region size 1024K, 84 young (86016K), 7 survivors (7168K)
 Metaspace       used 41279K, capacity 42302K, committed 42576K, reserved 1085440K
  class space    used 5312K, capacity 5680K, committed 5760K, reserved 1048576K
}
Event: 10.034 GC heap after
{Heap after GC invocations=10 (full 0):
 garbage-first heap   total 192512K, used 29143K [0x0000000080000000, 0x0000000100000000)
  region size 1024K, 11 young (11264K), 11 survivors (11264K)
 Metaspace       used 41279K, capacity 42302K, committed 42576K, reserved 1085440K
  class space    used 5312K, capacity 5680K, committed 5760K, reserved 1048576K
}
Event: 13.797 GC heap before
{Heap before GC invocations=10 (full 0):
 garbage-first heap   total 192512K, used 129495K [0x0000000080000000, 0x0000000100000000)
  region size 1024K, 109 young (111616K), 11 survivors (11264K)
 Metaspace       used 48016K, capacity 49227K, committed 49360K, reserved 1091584K
  class space    used 6116K, capacity 6577K, committed 6656K, reserved 1048576K
}
Event: 13.830 GC heap after
{Heap after GC invocations=11 (full 0):
 garbage-first heap   total 192512K, used 34531K [0x0000000080000000, 0x0000000100000000)
  region size 1024K, 11 young (11264K), 11 survivors (11264K)
 Metaspace       used 48016K, capacity 49227K, committed 49360K, reserved 1091584K
  class space    used 6116K, capacity 6577K, committed 6656K, reserved 1048576K
}
Event: 21.013 GC heap before
{Heap before GC invocations=11 (full 0):
 garbage-first heap   total 192512K, used 126691K [0x0000000080000000, 0x0000000100000000)
  region size 1024K, 98 young (100352K), 11 survivors (11264K)
 Metaspace       used 58749K, capacity 60166K, committed 60240K, reserved 1101824K
  class space    used 7452K, capacity 8006K, committed 8064K, reserved 1048576K
}
Event: 21.055 GC heap after
{Heap after GC invocations=12 (full 0):
 garbage-first heap   total 192512K, used 48727K [0x0000000080000000, 0x0000000100000000)
  region size 1024K, 14 young (14336K), 14 survivors (14336K)
 Metaspace       used 58749K, capacity 60166K, committed 60240K, reserved 1101824K
  class space    used 7452K, capacity 8006K, committed 8064K, reserved 1048576K
}
Event: 25.274 GC heap before
{Heap before GC invocations=13 (full 0):
 garbage-first heap   total 192512K, used 142935K [0x0000000080000000, 0x0000000100000000)
  region size 1024K, 106 young (108544K), 14 survivors (14336K)
 Metaspace       used 64965K, capacity 66632K, committed 66768K, reserved 1107968K
  class space    used 8253K, capacity 8867K, committed 8960K, reserved 1048576K
}

